10352
               #                                                   #   #                    
                                              #                                             
                          #                                                  #        #     
        #     #    #        #         #     # #        ## #    #     #                      
                                        ##        #  # ###                                  
      #                            #    #           #         #    #  #               #     
                             #      # # #          # #    #                          #      
     #           # ##   #   ##       #     #  #      #     #       ## #                 #   
                                # ##       #        #                          #            
                   #       #          #   ##    #      ## #  #       #       ##      #      
         #     #  #   #   ##              #                #                      #  #      
                           ##        #        #          ###       #  #         #           
              # #       # #  ##  #  #      #          # ##       #  #           #   #       
         #       ##   #    #    #   ###   #                 #      #  #       #             
           #            #                              #        #  #  #           #         
                  #                #           #     #                 #                    
           #        ##           #          #        # ##  #  ##                            
     ##                     #      #              #     #                                   
     #             ##  #    #           #     #        #    ##      #  # #   #              
                        #                  #                         #    #                 
        ##                              #     # #      #                   #    #  #        
                 #  #    #              #    ## #     #    ##      #                        
       #           #      #     #  # #          #                   #   #                   
        #               ##           #             #      #          #  #                   
              ###             #                #   #                    #  # #              
     #       #          #  #    # #        # ##           #              #       # #        
#  #                         #  #       #       # #  #     ##        #   # #                
   #    #             #      #  #  #  #    #          #        #        ## #    #           
        #     #        #    #    # ## #  #    #       #    # #          #            #      
        #        ##                  #  #       #  #                                        
   #       #  ###          #    ##    #   # # # # ## #       # #  #                         
              #      # ##   ### #          #   #   #         #  #   #     #                 
#             #  # #            ##                    # #    #                        #     
                             #                     #    #                                   
     #                   #  ##                # # # #           # #       #                 
            #            #        ##                     ##       #   # #         #         
                                      #              # #               #                   #
                 #                                                  #                       
                              #                                   #       #                 
                                       #                   #       #               #  #     
___________________________
10353
              #                                           #        #              
                                            #                                     
             #    ##           #                #    #           #    #     #     
       #                #           #   #   #  #   #  #                           
    #                 #        ##     #     #     ##        #               #     
                              #  ## #  #         ###        ##   #           # #  
     #           # # ##  # #              #      #  #       #                     
                  #     ###   #     #            #      #   #           ##   #    
      #    #   #  # #  #           ##   # #      ## #    #  #         #     #     
             #      #   # #   #     #      #    ##   ##         #   # # #    #    
      #         #   #   # # #     # #   #          #    #       #                 
           ##   #     #   #                        #   #  #      #   #     #      
          #     #  ##         #       #      #   # ## #    #  #  # # #            
    ##        #           #             ##       #          # #                   
       ##      ###  #   #       #       #   #   ###  #                            
     #           #  #          #     #  #   #                   #  ###            
     ##    #  #   #   ###       #   # # #    ## #  #       #  ### #  #  # #       
     #  #             ###   #        #  # ## #     #      ##                      
#           # # #       #  # #   ##      #  #   #         #  # ###    #   #       
  #                 # ##  #   #  # #       # #          # #     # #    #          
  #     #  # #        # ## # # # ## ## #    ####  #      #       ##  ##           
       #        #      #         #  #  #            #            #  ##       #    
          # # #  ####    #   ## #       #  ##         #  #      #                 
  #            #     #                  # #   ###   #      # #              #     
#             #     #  #     #         ## #     #     # #                         
     #  #             #                         #           #   #                 
                           #     #  #        #   # # #      #   #          #     #
              #                                                 ##                
                            #                                   #   #             
                                      #          #        #     #        #   #    
___________________________
10354
             #                                   #             #        
            #    # #    #                ###                 #          
            #  #            #         #          #             #  ##    
  #   #        #   ## ##  #         #    #  #     ###      #   #      # 
          #         #  ##     #   ## ##    ##  #  # #         #     ##  
     #   #    ####    #  #       #       #   ###       ## #         #   
   #   ## # # #  ###                #  #    # #######       ###    #    
   #  #     ##   ## #  ##     ##  #   ###  #  #    ##  #       ##       
      # ## ## ###  ##   #  # #  #        ### # ###      #      #    #   
  #  ##         ## ## # ##   # #  #  #  #   ##  #    ###  ###  #     #  
#  #   ## ##  ####  ##    ## ##    ######  ###    #      ## #   #       
        #  #  ### # #  ### #  # #### ## #        #      ##    #  #      
 # # #    # ### ###  #     #  # ## ###  # #         ##  ##     ###      
 #      # #  # #   # ##         #  #  #   #    # ##   #    ###   #      
      #  #  #         #      # ## # # # # # # # # #    #  ##      #  #  
    # #    #  #    # #  #        #       #   #                ##        
##   #     #  #    #             ## ##     #   #    # #    #           #
           #        #          #        #   #    ##     # # #       #   
                          #                                #  #         
                                     # #         #           # #    #   
___________________________
10355
#    #  #####   #####   #    #  #####   #####   #    #   #### 
#    #  #    #  #    #  #    #  #    #  #    #  #   #   #    #
#    #  #    #  #    #  #    #  #    #  #    #  #  #    #     
#    #  #    #  #    #  #    #  #    #  #    #  # #     #     
######  #####   #####   ######  #####   #####   ##      #     
#    #  #  #    #       #    #  #    #  #  #    ##      #  ###
#    #  #   #   #       #    #  #    #  #   #   # #     #    #
#    #  #   #   #       #    #  #    #  #   #   #  #    #    #
#    #  #    #  #       #    #  #    #  #    #  #   #   #   ##
#    #  #    #  #       #    #  #####   #    #  #    #   ### #
___________________________
10356
           ##    #       #  #  #   ##       #                         
  #   #                 #            #                      #    #    
         #  #   # #  #   #     #            #    #           #   #    
       #  #   ##  ##  #       #             #   #      # #            
      #   #   #      ##   # ##      # ##  #   #  ##    #         ##   
#     #    # # ###     ## #  #    # #   #  ####   ##          #     # 
#         #   #   # #     # ##### # #   ####  # #      ##    ##       
          ## ### # #   # #  ##   ##  #     ##    ###    ##    #    #  
  # # #  # #   # #     #    ######    #   ###   # # # #  # ## ##   ## 
    #    #   #  # ###    #   #   #   #  ##   # # ### #  #   # #### # #
      #   # # ####   #    #   ## #  ##  ## #   #  ##  # ####   # #    
    #  ###    ##  #     #         ##    #   #   #  #  #           #   
    #  ###    #      ##  #  ##     #  ####   ## ##    ###  #    ##    
      #    #  ### ##  #   ## # #      # #   ## #       #  # ##        
   #   # #     #  #       ## #        ## #       ##      ##     ##    
    #                 ##  # #     # #   ##  #     # ##     ##   #    #
               #                                #          #     # ## 
                   #  #  #       ##     #     #         #             
      #    ##             #        #             #                    
                                        #       #         #    #      
___________________________
10357
             #     #     #      ##    # #            #                          
    #  #                                                        #               
                        #         #   #      #                           #      
         ##                           #            #                      #     
        #          #  ##  # # ##            #    #  #   ##       ##             
            #          # #    #        #           #             #          #   
#                   ## ##  # # # #      #   ### ##    #    # #      #     #     
             ##       #      # ##   #      #        #   #       #   #           
           #      # #     #  ##       ###  ##  #  ## ### #   #  #        #  #   
                         #   ##         # # #        ## #    #          #       
                  ###  #  # #           #  ### #    ### ### #      #            
       #       #  #      #       #                        # ###           #     
#     ##         ## # #     #           #  #  # # ###     #     #   #    #      
            #    #     #  # #       #     #  #  #        #  #   ##              
    #   #        #  # #       #     ## #    #       #     #   #             #   
        # #       #       #    ##   ##      #      ##            #       #      
              ##          #       # ### #    #   #   #  # # #  #  #             
       #  #  #  #     #  #        #     #         #      #     # ##          #  
             ## #  #   #    ##  ###    ####     #   #       #        #          
                        #      #        # #            #        #  #        #   
      ##      ###           ###  #    # # #   #   #       # #          #        
      #               #     ###    #      ##### #  #   ##   # #         #      #
           #  #   #     ##  #    #  ##  #            #  #     #                 
        # #     #      # #  #              ##        #  ##        #  # # #   #  
                    #       #   #         #  ## #      #      #            #    
                                     #            #      #   #          #       
                            #             ##                #       #           
              #    #  #           ###       #   #                               
       #                                                  #                     
                                                #                #  #           
___________________________
10358
               #          #      # ##  # #  #                 #                           
      # #                                                           #                     
                                #          # #                                            
           #            #                            #                           #        
          ##                  # # #          ##           ##                       #      
                  #     #            ##                                    #        #     
                       ## #       ##             #      #    # # #   #                    
#             #            # #  ## #    #   #   ##  #     #               ##              
                              # #     #     #   #       #  #   #    #   #          ##     
             #   #        ## #     #    #  #      #  ##     # ##               #          
            #         #       #    # ##   # #  #      #    ##  #   #                      
                      #              #  #     # #    ##  #     ##     #                   
                          #        #      # #   ###       ## ## ##              #         
                   #        #        #                ## # # #  #  #   #                  
        #             #    # ## #  #  #          #              # #              #        
                #          #          #           #                   #        #          
        #                #      #           #  #     #  #   ##    ##    # #               
            #      #  #    # #        #                            #                      
#                          #         # ###    #   #   ##    #    ##     #        #        
              #        #                           #            #                         
      #         #                            ##            # #          #                 
        #  ##        #                       #   #                 # #               #    
                                   ##  #     #    # #      #  #    #                      
           #            #          # #                                                    
                 #  #             #       ##      #          # #          ##              
             #  # #  #   #    #    #    #        #      #   #   # # #                #    
                     ##       #          # #       #       # ##       #                   
                          #   #  # ####    #   # #  #                      #          #  #
        ###          #       #  #           #   ###                             #         
                #       ##   #    #   # #   #             #   #      #                    
                     #        #    #   #   #  #         #       #            # #          
            #    #              #  #    #      #      #    #    #                    #    
           #  #                                         #       ##       #        #       
                #               # # #    #    #  ## #            #        #               
                      #      #               #       #       #                            
                                  #           #    #       # ## #               #         
                 #        #        #          #                              #            
                         #                 #      #   #                                   
        #                                                          #                      
                                                #       #          #          #           
___________________________
10359
                 #               #   #  ##  # # #                      #                            
        ##                                                              #                           
                                        #           #                                               
             #                                                                                      
            #           #       # #  #          #            #  #    #                   #          
            #           #                   #       #            #                          #       
                         #           #          #    #       #  #                   #               
                         #          #                                           #                   
#                       #        # #    ### #  #    #  ##             # ##      #           #       
                #            #   #      #   ##       #  ##     # #      #       #    ##             
                            #           #       #                  # #                      #       
             #      #                       ##  #       ##      #                                   
             #           ##    ##       #  # # # #      #   ##    ####   #                          
                                             #          #            #                              
                                            #    #      #   #   #       #                           
                                                        #                   #   #                   
         #          #       #   #   #   #   ###     #    # ###  # ##      #            #            
         #                          ##  #                   #        #  #               #           
                        #       #   #    #      # #  #                  #            #              
                 #           #           #                   # ##    #          #                   
         ##     #    #  #        #  #        #        #               #   #     #                   
                            #       # #         ##      ##                   #           #          
                                             #  #       #           #                               
                                                   #                                                
#                #                           #      #         # #   ##          ##                  
         #      #            #                              #       #    #                          
        #                                       #                                                   
            #   #                                                                                   
                         #              #   # #     #      ##    #  #       #                 #     
            #                   #       #    #      ##               #                              
                     #              ##  #    #                                                      
                        #           #             #                  #  #         #                 
                    #       #   #               #   #   #   # # #   #   #           #               
             #  #           #   #   ##  #   #      #      #      # #     #                   #     #
                         #           #          #                                                   
            #                #                       #  #                               #       #   
          #  #             ###   #      #     ###   #     ##                     #                  
                            ##   #           #  #               ##      #   #      # #              
                 #      #       #   #   #                                                           
                #                                #     #        #        #                   #      
                    #                  #    ## ##        #       #                 #     #          
            #                                #                         ##    #                      
                 #                      #            #  #           #                               
                #                       ##       #      #                         #                 
                        #     #         #       ##          #      ##                               
                    #            # #                    #      # #  #  #                #           
                                                                                      #             
                            #                       #           #                                   
         #                                                                  #                       
                                                #               #    #                  #           
___________________________
101
49
